30-01-2019 15:50:27.465 [] ERROR com.know.resources.AuthorResource - some error
java.lang.Exception: new error
	at com.know.resources.AuthorResource.getAllAuthors(AuthorResource.java:46) ~[classes/:na]
	at sun.reflect.NativeMethodAccessorImpl.invoke0(Native Method) ~[na:1.8.0_192]
	at sun.reflect.NativeMethodAccessorImpl.invoke(NativeMethodAccessorImpl.java:62) ~[na:1.8.0_192]
	at sun.reflect.DelegatingMethodAccessorImpl.invoke(DelegatingMethodAccessorImpl.java:43) ~[na:1.8.0_192]
	at java.lang.reflect.Method.invoke(Method.java:498) ~[na:1.8.0_192]
	at org.glassfish.jersey.server.model.internal.ResourceMethodInvocationHandlerFactory$1.invoke(ResourceMethodInvocationHandlerFactory.java:81) [jersey-server-2.19.jar:na]
	at org.glassfish.jersey.server.model.internal.AbstractJavaResourceMethodDispatcher$1.run(AbstractJavaResourceMethodDispatcher.java:144) [jersey-server-2.19.jar:na]
	at org.glassfish.jersey.server.model.internal.AbstractJavaResourceMethodDispatcher.invoke(AbstractJavaResourceMethodDispatcher.java:161) [jersey-server-2.19.jar:na]
	at org.glassfish.jersey.server.model.internal.JavaResourceMethodDispatcherProvider$ResponseOutInvoker.doDispatch(JavaResourceMethodDispatcherProvider.java:160) [jersey-server-2.19.jar:na]
	at org.glassfish.jersey.server.model.internal.AbstractJavaResourceMethodDispatcher.dispatch(AbstractJavaResourceMethodDispatcher.java:99) [jersey-server-2.19.jar:na]
	at org.glassfish.jersey.server.model.ResourceMethodInvoker.invoke(ResourceMethodInvoker.java:389) [jersey-server-2.19.jar:na]
	at org.glassfish.jersey.server.model.ResourceMethodInvoker.apply(ResourceMethodInvoker.java:347) [jersey-server-2.19.jar:na]
	at org.glassfish.jersey.server.model.ResourceMethodInvoker.apply(ResourceMethodInvoker.java:102) [jersey-server-2.19.jar:na]
	at org.glassfish.jersey.server.ServerRuntime$2.run(ServerRuntime.java:308) [jersey-server-2.19.jar:na]
	at org.glassfish.jersey.internal.Errors$1.call(Errors.java:271) [jersey-common-2.19.jar:na]
	at org.glassfish.jersey.internal.Errors$1.call(Errors.java:267) [jersey-common-2.19.jar:na]
	at org.glassfish.jersey.internal.Errors.process(Errors.java:315) [jersey-common-2.19.jar:na]
	at org.glassfish.jersey.internal.Errors.process(Errors.java:297) [jersey-common-2.19.jar:na]
	at org.glassfish.jersey.internal.Errors.process(Errors.java:267) [jersey-common-2.19.jar:na]
	at org.glassfish.jersey.process.internal.RequestScope.runInScope(RequestScope.java:317) [jersey-common-2.19.jar:na]
	at org.glassfish.jersey.server.ServerRuntime.process(ServerRuntime.java:291) [jersey-server-2.19.jar:na]
	at org.glassfish.jersey.server.ApplicationHandler.handle(ApplicationHandler.java:1140) [jersey-server-2.19.jar:na]
	at org.glassfish.jersey.servlet.WebComponent.service(WebComponent.java:403) [jersey-container-servlet-core-2.19.jar:na]
	at org.glassfish.jersey.servlet.ServletContainer.service(ServletContainer.java:386) [jersey-container-servlet-core-2.19.jar:na]
	at org.glassfish.jersey.servlet.ServletContainer.service(ServletContainer.java:334) [jersey-container-servlet-core-2.19.jar:na]
	at org.glassfish.jersey.servlet.ServletContainer.service(ServletContainer.java:221) [jersey-container-servlet-core-2.19.jar:na]
	at io.dropwizard.jetty.NonblockingServletHolder.handle(NonblockingServletHolder.java:49) [dropwizard-jetty-0.8.2.jar:0.8.2]
	at org.eclipse.jetty.servlet.ServletHandler$CachedChain.doFilter(ServletHandler.java:1669) [jetty-servlet-9.2.9.v20150224.jar:9.2.9.v20150224]
	at org.eclipse.jetty.servlets.UserAgentFilter.doFilter(UserAgentFilter.java:83) [jetty-servlets-9.2.9.v20150224.jar:9.2.9.v20150224]
	at org.eclipse.jetty.servlets.GzipFilter.doFilter(GzipFilter.java:364) [jetty-servlets-9.2.9.v20150224.jar:9.2.9.v20150224]
	at io.dropwizard.jetty.BiDiGzipFilter.doFilter(BiDiGzipFilter.java:134) [dropwizard-jetty-0.8.2.jar:0.8.2]
	at org.eclipse.jetty.servlet.ServletHandler$CachedChain.doFilter(ServletHandler.java:1652) [jetty-servlet-9.2.9.v20150224.jar:9.2.9.v20150224]
	at io.dropwizard.servlets.ThreadNameFilter.doFilter(ThreadNameFilter.java:29) [dropwizard-servlets-0.8.2.jar:0.8.2]
	at org.eclipse.jetty.servlet.ServletHandler$CachedChain.doFilter(ServletHandler.java:1652) [jetty-servlet-9.2.9.v20150224.jar:9.2.9.v20150224]
	at io.dropwizard.jersey.filter.AllowedMethodsFilter.handle(AllowedMethodsFilter.java:44) [dropwizard-jersey-0.8.2.jar:0.8.2]
	at io.dropwizard.jersey.filter.AllowedMethodsFilter.doFilter(AllowedMethodsFilter.java:39) [dropwizard-jersey-0.8.2.jar:0.8.2]
	at org.eclipse.jetty.servlet.ServletHandler$CachedChain.doFilter(ServletHandler.java:1652) [jetty-servlet-9.2.9.v20150224.jar:9.2.9.v20150224]
	at org.eclipse.jetty.servlet.ServletHandler.doHandle(ServletHandler.java:585) [jetty-servlet-9.2.9.v20150224.jar:9.2.9.v20150224]
	at org.eclipse.jetty.server.handler.ContextHandler.doHandle(ContextHandler.java:1127) [jetty-server-9.2.9.v20150224.jar:9.2.9.v20150224]
	at org.eclipse.jetty.servlet.ServletHandler.doScope(ServletHandler.java:515) [jetty-servlet-9.2.9.v20150224.jar:9.2.9.v20150224]
	at org.eclipse.jetty.server.handler.ContextHandler.doScope(ContextHandler.java:1061) [jetty-server-9.2.9.v20150224.jar:9.2.9.v20150224]
	at org.eclipse.jetty.server.handler.ScopedHandler.handle(ScopedHandler.java:141) [jetty-server-9.2.9.v20150224.jar:9.2.9.v20150224]
	at org.eclipse.jetty.server.handler.HandlerWrapper.handle(HandlerWrapper.java:97) [jetty-server-9.2.9.v20150224.jar:9.2.9.v20150224]
	at com.codahale.metrics.jetty9.InstrumentedHandler.handle(InstrumentedHandler.java:240) [metrics-jetty9-3.1.1.jar:3.1.1]
	at io.dropwizard.jetty.RoutingHandler.handle(RoutingHandler.java:51) [dropwizard-jetty-0.8.2.jar:0.8.2]
	at org.eclipse.jetty.server.handler.HandlerWrapper.handle(HandlerWrapper.java:97) [jetty-server-9.2.9.v20150224.jar:9.2.9.v20150224]
	at org.eclipse.jetty.server.handler.RequestLogHandler.handle(RequestLogHandler.java:95) [jetty-server-9.2.9.v20150224.jar:9.2.9.v20150224]
	at org.eclipse.jetty.server.handler.HandlerWrapper.handle(HandlerWrapper.java:97) [jetty-server-9.2.9.v20150224.jar:9.2.9.v20150224]
	at org.eclipse.jetty.server.handler.StatisticsHandler.handle(StatisticsHandler.java:159) [jetty-server-9.2.9.v20150224.jar:9.2.9.v20150224]
	at org.eclipse.jetty.server.handler.HandlerWrapper.handle(HandlerWrapper.java:97) [jetty-server-9.2.9.v20150224.jar:9.2.9.v20150224]
	at org.eclipse.jetty.server.Server.handle(Server.java:497) [jetty-server-9.2.9.v20150224.jar:9.2.9.v20150224]
	at org.eclipse.jetty.server.HttpChannel.handle(HttpChannel.java:310) [jetty-server-9.2.9.v20150224.jar:9.2.9.v20150224]
	at org.eclipse.jetty.server.HttpConnection.onFillable(HttpConnection.java:257) [jetty-server-9.2.9.v20150224.jar:9.2.9.v20150224]
	at org.eclipse.jetty.io.AbstractConnection$2.run(AbstractConnection.java:540) [jetty-io-9.2.9.v20150224.jar:9.2.9.v20150224]
	at org.eclipse.jetty.util.thread.QueuedThreadPool.runJob(QueuedThreadPool.java:635) [jetty-util-9.2.9.v20150224.jar:9.2.9.v20150224]
	at org.eclipse.jetty.util.thread.QueuedThreadPool$3.run(QueuedThreadPool.java:555) [jetty-util-9.2.9.v20150224.jar:9.2.9.v20150224]
	at java.lang.Thread.run(Thread.java:748) [na:1.8.0_192]
